<?xml version="1.0" encoding="UTF-8"?>
<testsuite xmlns:xsi="http://www.w3.org/2001/XMLSchema-instance" xsi:noNamespaceSchemaLocation="https://maven.apache.org/surefire/maven-surefire-plugin/xsd/surefire-test-report-3.0.xsd" version="3.0" name="PlayerTest" time="0.076" tests="6" errors="0" skipped="0" failures="0">
  <properties>
[...]
</properties>
  <testcase name="testMultipleCatchPokemons" classname="PlayerTest" time="0.051"/>
  <testcase name="testInitialPosition" classname="PlayerTest" time="0.001"/>
  <testcase name="testMoveToDifferentDirections" classname="PlayerTest" time="0.001"/>
  <testcase name="testCatchPokemon" classname="PlayerTest" time="0.001"/>
  <testcase name="testInvalidDirectionThrowsException" classname="PlayerTest" time="0.001"/>
  <testcase name="testPositionSaving" classname="PlayerTest" time="0"/>
</testsuite>